# JRE version: OpenJDK Runtime Environment (8.0_191-b12) (build 1.8.0_191-8u191-b12-0ubuntu0.16.04.1-b12)
# Java VM: OpenJDK 64-Bit Server VM (25.191-b12 mixed mode linux-amd64 compressed oops)
Heap:
 PSYoungGen      total 190976K, used 15561K [0x00000000d8000000, 0x00000000e6980000, 0x0000000100000000)
  eden space 171520K, 9% used [0x00000000d8000000,0x00000000d8f324a8,0x00000000e2780000)
  from space 19456K, 0% used [0x00000000e2780000,0x00000000e2780000,0x00000000e3a80000)
  to   space 19456K, 0% used [0x00000000e5680000,0x00000000e5680000,0x00000000e6980000)
 ParOldGen       total 125440K, used 26788K [0x0000000088000000, 0x000000008fa80000, 0x00000000d8000000)
  object space 125440K, 21% used [0x0000000088000000,0x0000000089a29380,0x000000008fa80000)
 Metaspace       used 57776K, capacity 60718K, committed 60800K, reserved 1101824K
  class space    used 7758K, capacity 8311K, committed 8320K, reserved 1048576K
GC Heap History (10 events):
Event: 3,538 GC heap before
{Heap before GC invocations=10 (full 2):
 PSYoungGen      total 152064K, used 10235K [0x00000000d8000000, 0x00000000e4b00000, 0x0000000100000000)
  eden space 141824K, 0% used [0x00000000d8000000,0x00000000d8000000,0x00000000e0a80000)
  from space 10240K, 99% used [0x00000000e1880000,0x00000000e227ec50,0x00000000e2280000)
  to   space 14336K, 0% used [0x00000000e0a80000,0x00000000e0a80000,0x00000000e1880000)
 ParOldGen       total 52224K, used 14362K [0x0000000088000000, 0x000000008b300000, 0x00000000d8000000)
  object space 52224K, 27% used [0x0000000088000000,0x0000000088e06b10,0x000000008b300000)
 Metaspace       used 33798K, capacity 35348K, committed 35496K, reserved 1081344K
  class space    used 4303K, capacity 4592K, committed 4608K, reserved 1048576K
Event: 3,639 GC heap after
Heap after GC invocations=10 (full 2):
 PSYoungGen      total 152064K, used 0K [0x00000000d8000000, 0x00000000e4b00000, 0x0000000100000000)
  eden space 141824K, 0% used [0x00000000d8000000,0x00000000d8000000,0x00000000e0a80000)
  from space 10240K, 0% used [0x00000000e1880000,0x00000000e1880000,0x00000000e2280000)
  to   space 14336K, 0% used [0x00000000e0a80000,0x00000000e0a80000,0x00000000e1880000)
 ParOldGen       total 94720K, used 21610K [0x0000000088000000, 0x000000008dc80000, 0x00000000d8000000)
  object space 94720K, 22% used [0x0000000088000000,0x000000008951aa08,0x000000008dc80000)
 Metaspace       used 33798K, capacity 35348K, committed 35496K, reserved 1081344K
  class space    used 4303K, capacity 4592K, committed 4608K, reserved 1048576K
}
Event: 5,082 GC heap before
{Heap before GC invocations=11 (full 2):
 PSYoungGen      total 152064K, used 141824K [0x00000000d8000000, 0x00000000e4b00000, 0x0000000100000000)
  eden space 141824K, 100% used [0x00000000d8000000,0x00000000e0a80000,0x00000000e0a80000)
  from space 10240K, 0% used [0x00000000e1880000,0x00000000e1880000,0x00000000e2280000)
  to   space 14336K, 0% used [0x00000000e0a80000,0x00000000e0a80000,0x00000000e1880000)
 ParOldGen       total 94720K, used 21610K [0x0000000088000000, 0x000000008dc80000, 0x00000000d8000000)
  object space 94720K, 22% used [0x0000000088000000,0x000000008951aa08,0x000000008dc80000)
 Metaspace       used 47152K, capacity 49220K, committed 49280K, reserved 1091584K
  class space    used 6363K, capacity 6750K, committed 6784K, reserved 1048576K
Event: 5,096 GC heap after
Heap after GC invocations=11 (full 2):
 PSYoungGen      total 156160K, used 14304K [0x00000000d8000000, 0x00000000e4d80000, 0x0000000100000000)
  eden space 141824K, 0% used [0x00000000d8000000,0x00000000d8000000,0x00000000e0a80000)
  from space 14336K, 99% used [0x00000000e0a80000,0x00000000e18783b0,0x00000000e1880000)
  to   space 17408K, 0% used [0x00000000e3c80000,0x00000000e3c80000,0x00000000e4d80000)
 ParOldGen       total 94720K, used 23363K [0x0000000088000000, 0x000000008dc80000, 0x00000000d8000000)
  object space 94720K, 24% used [0x0000000088000000,0x00000000896d0d18,0x000000008dc80000)
 Metaspace       used 47152K, capacity 49220K, committed 49280K, reserved 1091584K
  class space    used 6363K, capacity 6750K, committed 6784K, reserved 1048576K
}
Event: 45,296 GC heap before
{Heap before GC invocations=12 (full 2):
 PSYoungGen      total 156160K, used 156128K [0x00000000d8000000, 0x00000000e4d80000, 0x0000000100000000)
  eden space 141824K, 100% used [0x00000000d8000000,0x00000000e0a80000,0x00000000e0a80000)
  from space 14336K, 99% used [0x00000000e0a80000,0x00000000e18783b0,0x00000000e1880000)
  to   space 17408K, 0% used [0x00000000e3c80000,0x00000000e3c80000,0x00000000e4d80000)
 ParOldGen       total 94720K, used 23363K [0x0000000088000000, 0x000000008dc80000, 0x00000000d8000000)
  object space 94720K, 24% used [0x0000000088000000,0x00000000896d0d18,0x000000008dc80000)
 Metaspace       used 55755K, capacity 58616K, committed 58752K, reserved 1099776K
  class space    used 7519K, capacity 8040K, committed 8064K, reserved 1048576K
Event: 45,320 GC heap after
Heap after GC invocations=12 (full 2):
 PSYoungGen      total 187904K, used 17120K [0x00000000d8000000, 0x00000000e4d80000, 0x0000000100000000)
  eden space 170496K, 0% used [0x00000000d8000000,0x00000000d8000000,0x00000000e2680000)
  from space 17408K, 98% used [0x00000000e3c80000,0x00000000e4d382f8,0x00000000e4d80000)
  to   space 19456K, 0% used [0x00000000e2780000,0x00000000e2780000,0x00000000e3a80000)
 ParOldGen       total 94720K, used 23371K [0x0000000088000000, 0x000000008dc80000, 0x00000000d8000000)
  object space 94720K, 24% used [0x0000000088000000,0x00000000896d2d18,0x000000008dc80000)
 Metaspace       used 55755K, capacity 58616K, committed 58752K, reserved 1099776K
  class space    used 7519K, capacity 8040K, committed 8064K, reserved 1048576K
}
Event: 48,549 GC heap before
{Heap before GC invocations=13 (full 2):
 PSYoungGen      total 187904K, used 22315K [0x00000000d8000000, 0x00000000e4d80000, 0x0000000100000000)
  eden space 170496K, 3% used [0x00000000d8000000,0x00000000d8512a98,0x00000000e2680000)
  from space 17408K, 98% used [0x00000000e3c80000,0x00000000e4d382f8,0x00000000e4d80000)
  to   space 19456K, 0% used [0x00000000e2780000,0x00000000e2780000,0x00000000e3a80000)
 ParOldGen       total 94720K, used 23371K [0x0000000088000000, 0x000000008dc80000, 0x00000000d8000000)
  object space 94720K, 24% used [0x0000000088000000,0x00000000896d2d18,0x000000008dc80000)
 Metaspace       used 56142K, capacity 58986K, committed 59136K, reserved 1099776K
  class space    used 7574K, capacity 8078K, committed 8192K, reserved 1048576K
Event: 48,564 GC heap after
Heap after GC invocations=13 (full 2):
 PSYoungGen      total 190976K, used 11496K [0x00000000d8000000, 0x00000000e6980000, 0x0000000100000000)
  eden space 171520K, 0% used [0x00000000d8000000,0x00000000d8000000,0x00000000e2780000)
  from space 19456K, 59% used [0x00000000e2780000,0x00000000e32ba190,0x00000000e3a80000)
  to   space 19456K, 0% used [0x00000000e5680000,0x00000000e5680000,0x00000000e6980000)
 ParOldGen       total 94720K, used 23371K [0x0000000088000000, 0x000000008dc80000, 0x00000000d8000000)
  object space 94720K, 24% used [0x0000000088000000,0x00000000896d2d18,0x000000008dc80000)
 Metaspace       used 56142K, capacity 58986K, committed 59136K, reserved 1099776K
  class space    used 7574K, capacity 8078K, committed 8192K, reserved 1048576K
}
Event: 48,564 GC heap before
{Heap before GC invocations=14 (full 3):
 PSYoungGen      total 190976K, used 11496K [0x00000000d8000000, 0x00000000e6980000, 0x0000000100000000)
  eden space 171520K, 0% used [0x00000000d8000000,0x00000000d8000000,0x00000000e2780000)
  from space 19456K, 59% used [0x00000000e2780000,0x00000000e32ba190,0x00000000e3a80000)
  to   space 19456K, 0% used [0x00000000e5680000,0x00000000e5680000,0x00000000e6980000)
 ParOldGen       total 94720K, used 23371K [0x0000000088000000, 0x000000008dc80000, 0x00000000d8000000)
  object space 94720K, 24% used [0x0000000088000000,0x00000000896d2d18,0x000000008dc80000)
 Metaspace       used 56142K, capacity 58986K, committed 59136K, reserved 1099776K
  class space    used 7574K, capacity 8078K, committed 8192K, reserved 1048576K
Event: 48,727 GC heap after
Heap after GC invocations=14 (full 3):
 PSYoungGen      total 190976K, used 0K [0x00000000d8000000, 0x00000000e6980000, 0x0000000100000000)
  eden space 171520K, 0% used [0x00000000d8000000,0x00000000d8000000,0x00000000e2780000)
  from space 19456K, 0% used [0x00000000e2780000,0x00000000e2780000,0x00000000e3a80000)
  to   space 19456K, 0% used [0x00000000e5680000,0x00000000e5680000,0x00000000e6980000)
 ParOldGen       total 125440K, used 26788K [0x0000000088000000, 0x000000008fa80000, 0x00000000d8000000)
  object space 125440K, 21% used [0x0000000088000000,0x0000000089a29380,0x000000008fa80000)
 Metaspace       used 56142K, capacity 58986K, committed 59136K, reserved 1099776K
  class space    used 7574K, capacity 8078K, committed 8192K, reserved 1048576K
}

